  Button.cpp
  Button_start.cpp
  Button_back.cpp
  Button_exit.cpp
  Button_load.cpp
  Button_stop.cpp
  Button_rank.cpp
  Configuration.cpp
  controller.cpp
  DraggingDemo.cpp
  DrawingSurface.cpp
  FlashingDemo.cpp
  ImageObjectDemo.cpp
  JigsawDemo.cpp
  luckyDraw.cpp
  mainfunction.cpp
  BaseEngine.cpp
  DisplayableObject.cpp
  FontManager.cpp
  ImageMappingDemo.cpp
  正在生成代码...
  正在编译...
  DoubleNote.cpp
  LongNote.cpp
  note.cpp
  SingleNote.cpp
  Ranking.cpp
  State_pause.cpp
  Script.cpp
  Scyyc1Engine.cpp
  lifeManager.cpp
  Scyyc1TileManager.cpp
  SimpleImage.cpp
  JasonsDemoA.cpp
  JasonsObjectA.cpp
  JasonsTileManager.cpp
  PlayingCardsDemo.cpp
  RawImage.cpp
  SimpleDemo.cpp
  speedController.cpp
  StarfieldDemo.cpp
  State.cpp
  正在生成代码...
C:\Users\25615\Desktop\CPPCoursework2020-v101\src\Scyyc1Engine.cpp(134): warning C4715: “Scyyc1Engine::checkRotateBorder”: 不是所有的控件路径都返回值
  正在编译...
  State_animation.cpp
  State_gaming.cpp
  State_scriptChoosing.cpp
  State_start.cpp
  State_end.cpp
  State_function.cpp
  State_name.cpp
  State_rank.cpp
  TileManager.cpp
  BouncingBall.cpp
  BouncingBallMain.cpp
  ZoomingDemo.cpp
  正在生成代码...
  MazeDemoMain.cpp
  MazeDemoObject.cpp
  MazeDemoTileManager.cpp
  正在生成代码...
  CourseworkBase.vcxproj -> C:\Users\25615\Desktop\CPPCoursework2020-v101\/Debug\CourseworkBase2020.exe
