c:\users\25615\desktop\cppcoursework2020-v101\debug\courseworkbase2020.bsc
c:\users\25615\desktop\cppcoursework2020-v101\debug\vc142.pdb
c:\users\25615\desktop\cppcoursework2020-v101\debug\button.sbr
c:\users\25615\desktop\cppcoursework2020-v101\debug\button_start.sbr
c:\users\25615\desktop\cppcoursework2020-v101\debug\button_back.sbr
c:\users\25615\desktop\cppcoursework2020-v101\debug\button_exit.sbr
c:\users\25615\desktop\cppcoursework2020-v101\debug\button_load.sbr
c:\users\25615\desktop\cppcoursework2020-v101\debug\button_stop.sbr
c:\users\25615\desktop\cppcoursework2020-v101\debug\button_rank.sbr
c:\users\25615\desktop\cppcoursework2020-v101\debug\configuration.sbr
c:\users\25615\desktop\cppcoursework2020-v101\debug\controller.sbr
c:\users\25615\desktop\cppcoursework2020-v101\debug\draggingdemo.sbr
c:\users\25615\desktop\cppcoursework2020-v101\debug\drawingsurface.sbr
c:\users\25615\desktop\cppcoursework2020-v101\debug\flashingdemo.sbr
c:\users\25615\desktop\cppcoursework2020-v101\debug\imageobjectdemo.sbr
c:\users\25615\desktop\cppcoursework2020-v101\debug\jigsawdemo.sbr
c:\users\25615\desktop\cppcoursework2020-v101\debug\luckydraw.sbr
c:\users\25615\desktop\cppcoursework2020-v101\debug\mainfunction.sbr
c:\users\25615\desktop\cppcoursework2020-v101\debug\baseengine.sbr
c:\users\25615\desktop\cppcoursework2020-v101\debug\displayableobject.sbr
c:\users\25615\desktop\cppcoursework2020-v101\debug\fontmanager.sbr
c:\users\25615\desktop\cppcoursework2020-v101\debug\imagemappingdemo.sbr
c:\users\25615\desktop\cppcoursework2020-v101\debug\imagemappingdemo.obj
c:\users\25615\desktop\cppcoursework2020-v101\debug\fontmanager.obj
c:\users\25615\desktop\cppcoursework2020-v101\debug\displayableobject.obj
c:\users\25615\desktop\cppcoursework2020-v101\debug\baseengine.obj
c:\users\25615\desktop\cppcoursework2020-v101\debug\mainfunction.obj
c:\users\25615\desktop\cppcoursework2020-v101\debug\luckydraw.obj
c:\users\25615\desktop\cppcoursework2020-v101\debug\jigsawdemo.obj
c:\users\25615\desktop\cppcoursework2020-v101\debug\imageobjectdemo.obj
c:\users\25615\desktop\cppcoursework2020-v101\debug\flashingdemo.obj
c:\users\25615\desktop\cppcoursework2020-v101\debug\drawingsurface.obj
c:\users\25615\desktop\cppcoursework2020-v101\debug\draggingdemo.obj
c:\users\25615\desktop\cppcoursework2020-v101\debug\controller.obj
c:\users\25615\desktop\cppcoursework2020-v101\debug\configuration.obj
c:\users\25615\desktop\cppcoursework2020-v101\debug\button_rank.obj
c:\users\25615\desktop\cppcoursework2020-v101\debug\button_stop.obj
c:\users\25615\desktop\cppcoursework2020-v101\debug\button_load.obj
c:\users\25615\desktop\cppcoursework2020-v101\debug\button_exit.obj
c:\users\25615\desktop\cppcoursework2020-v101\debug\button_back.obj
c:\users\25615\desktop\cppcoursework2020-v101\debug\button_start.obj
c:\users\25615\desktop\cppcoursework2020-v101\debug\button.obj
c:\users\25615\desktop\cppcoursework2020-v101\debug\doublenote.sbr
c:\users\25615\desktop\cppcoursework2020-v101\debug\longnote.sbr
c:\users\25615\desktop\cppcoursework2020-v101\debug\note.sbr
c:\users\25615\desktop\cppcoursework2020-v101\debug\singlenote.sbr
c:\users\25615\desktop\cppcoursework2020-v101\debug\ranking.sbr
c:\users\25615\desktop\cppcoursework2020-v101\debug\state_pause.sbr
c:\users\25615\desktop\cppcoursework2020-v101\debug\script.sbr
c:\users\25615\desktop\cppcoursework2020-v101\debug\scyyc1engine.sbr
c:\users\25615\desktop\cppcoursework2020-v101\debug\lifemanager.sbr
c:\users\25615\desktop\cppcoursework2020-v101\debug\scyyc1tilemanager.sbr
c:\users\25615\desktop\cppcoursework2020-v101\debug\simpleimage.sbr
c:\users\25615\desktop\cppcoursework2020-v101\debug\jasonsdemoa.sbr
c:\users\25615\desktop\cppcoursework2020-v101\debug\jasonsobjecta.sbr
c:\users\25615\desktop\cppcoursework2020-v101\debug\jasonstilemanager.sbr
c:\users\25615\desktop\cppcoursework2020-v101\debug\playingcardsdemo.sbr
c:\users\25615\desktop\cppcoursework2020-v101\debug\rawimage.sbr
c:\users\25615\desktop\cppcoursework2020-v101\debug\simpledemo.sbr
c:\users\25615\desktop\cppcoursework2020-v101\debug\speedcontroller.sbr
c:\users\25615\desktop\cppcoursework2020-v101\debug\starfielddemo.sbr
c:\users\25615\desktop\cppcoursework2020-v101\debug\state.sbr
c:\users\25615\desktop\cppcoursework2020-v101\debug\state.obj
c:\users\25615\desktop\cppcoursework2020-v101\debug\starfielddemo.obj
c:\users\25615\desktop\cppcoursework2020-v101\debug\speedcontroller.obj
c:\users\25615\desktop\cppcoursework2020-v101\debug\simpledemo.obj
c:\users\25615\desktop\cppcoursework2020-v101\debug\rawimage.obj
c:\users\25615\desktop\cppcoursework2020-v101\debug\playingcardsdemo.obj
c:\users\25615\desktop\cppcoursework2020-v101\debug\jasonstilemanager.obj
c:\users\25615\desktop\cppcoursework2020-v101\debug\jasonsobjecta.obj
c:\users\25615\desktop\cppcoursework2020-v101\debug\jasonsdemoa.obj
c:\users\25615\desktop\cppcoursework2020-v101\debug\simpleimage.obj
c:\users\25615\desktop\cppcoursework2020-v101\debug\scyyc1tilemanager.obj
c:\users\25615\desktop\cppcoursework2020-v101\debug\lifemanager.obj
c:\users\25615\desktop\cppcoursework2020-v101\debug\scyyc1engine.obj
c:\users\25615\desktop\cppcoursework2020-v101\debug\script.obj
c:\users\25615\desktop\cppcoursework2020-v101\debug\state_pause.obj
c:\users\25615\desktop\cppcoursework2020-v101\debug\ranking.obj
c:\users\25615\desktop\cppcoursework2020-v101\debug\singlenote.obj
c:\users\25615\desktop\cppcoursework2020-v101\debug\note.obj
c:\users\25615\desktop\cppcoursework2020-v101\debug\longnote.obj
c:\users\25615\desktop\cppcoursework2020-v101\debug\doublenote.obj
c:\users\25615\desktop\cppcoursework2020-v101\debug\state_animation.sbr
c:\users\25615\desktop\cppcoursework2020-v101\debug\state_gaming.sbr
c:\users\25615\desktop\cppcoursework2020-v101\debug\state_scriptchoosing.sbr
c:\users\25615\desktop\cppcoursework2020-v101\debug\state_start.sbr
c:\users\25615\desktop\cppcoursework2020-v101\debug\state_end.sbr
c:\users\25615\desktop\cppcoursework2020-v101\debug\state_function.sbr
c:\users\25615\desktop\cppcoursework2020-v101\debug\state_name.sbr
c:\users\25615\desktop\cppcoursework2020-v101\debug\state_rank.sbr
c:\users\25615\desktop\cppcoursework2020-v101\debug\tilemanager.sbr
c:\users\25615\desktop\cppcoursework2020-v101\debug\bouncingball.sbr
c:\users\25615\desktop\cppcoursework2020-v101\debug\bouncingballmain.sbr
c:\users\25615\desktop\cppcoursework2020-v101\debug\zoomingdemo.sbr
c:\users\25615\desktop\cppcoursework2020-v101\debug\zoomingdemo.obj
c:\users\25615\desktop\cppcoursework2020-v101\debug\bouncingballmain.obj
c:\users\25615\desktop\cppcoursework2020-v101\debug\bouncingball.obj
c:\users\25615\desktop\cppcoursework2020-v101\debug\tilemanager.obj
c:\users\25615\desktop\cppcoursework2020-v101\debug\state_rank.obj
c:\users\25615\desktop\cppcoursework2020-v101\debug\state_name.obj
c:\users\25615\desktop\cppcoursework2020-v101\debug\state_function.obj
c:\users\25615\desktop\cppcoursework2020-v101\debug\state_end.obj
c:\users\25615\desktop\cppcoursework2020-v101\debug\state_start.obj
c:\users\25615\desktop\cppcoursework2020-v101\debug\state_scriptchoosing.obj
c:\users\25615\desktop\cppcoursework2020-v101\debug\state_gaming.obj
c:\users\25615\desktop\cppcoursework2020-v101\debug\state_animation.obj
c:\users\25615\desktop\cppcoursework2020-v101\debug\mazedemomain.sbr
c:\users\25615\desktop\cppcoursework2020-v101\debug\mazedemoobject.sbr
c:\users\25615\desktop\cppcoursework2020-v101\debug\mazedemotilemanager.sbr
c:\users\25615\desktop\cppcoursework2020-v101\debug\mazedemotilemanager.obj
c:\users\25615\desktop\cppcoursework2020-v101\debug\mazedemoobject.obj
c:\users\25615\desktop\cppcoursework2020-v101\debug\mazedemomain.obj
c:\users\25615\desktop\cppcoursework2020-v101\debug\courseworkbase2020.exe
c:\users\25615\desktop\cppcoursework2020-v101\debug\courseworkbase2020.ilk
c:\users\25615\desktop\cppcoursework2020-v101\src\map
c:\users\25615\desktop\cppcoursework2020-v101\debug\courseworkbase2020.pdb
c:\users\25615\desktop\cppcoursework2020-v101\/debug\courseworkbase2020.bsc
c:\users\25615\desktop\cppcoursework2020-v101\/debug\courseworkbase2020.ilk
c:\users\25615\desktop\cppcoursework2020-v101\debug\coursewo.63f64093.tlog\bscmake.command.1.tlog
c:\users\25615\desktop\cppcoursework2020-v101\debug\coursewo.63f64093.tlog\bscmake.read.1.tlog
c:\users\25615\desktop\cppcoursework2020-v101\debug\coursewo.63f64093.tlog\bscmake.write.1.tlog
c:\users\25615\desktop\cppcoursework2020-v101\debug\coursewo.63f64093.tlog\cl.command.1.tlog
c:\users\25615\desktop\cppcoursework2020-v101\debug\coursewo.63f64093.tlog\cl.read.1.tlog
c:\users\25615\desktop\cppcoursework2020-v101\debug\coursewo.63f64093.tlog\cl.write.1.tlog
c:\users\25615\desktop\cppcoursework2020-v101\debug\coursewo.63f64093.tlog\link.command.1.tlog
c:\users\25615\desktop\cppcoursework2020-v101\debug\coursewo.63f64093.tlog\link.read.1.tlog
c:\users\25615\desktop\cppcoursework2020-v101\debug\coursewo.63f64093.tlog\link.write.1.tlog
